This is LuaHBTeX, Version 1.13.0 (TeX Live 2021/VoidLinux)  (format=lualatex 2022.6.21)  2 JUL 2022 21:53
 restricted system commands enabled.
**mainpage_html
(./mainpage_html.tex
LaTeX2e <2020-10-01> patch level 4
Lua module: luaotfload 2021-01-08 3.17 Lua based OpenType font support
Lua module: lualibs 2020-12-30 2.73 ConTeXt Lua standard libraries.
Lua module: lualibs-extended 2020-12-30 2.73 ConTeXt Lua libraries -- extended c
ollection.
luaotfload | conf : Root cache directory is "/home/stlsnk/.texlive2021/texmf-var
/luatex-cache/generic/names".
luaotfload | init : Loading fontloader "fontloader-2021-01-07.lua" from kpse-res
olved path "/usr/share/texmf-dist/tex/luatex/luaotfload/fontloader-2021-01-07.lu
a".
Lua-only attribute luaotfload@noligature = 1
Lua-only attribute luaotfload@syllabe = 2
luaotfload | init : Context OpenType loader version 0x1.8e76c8b439581p+1
Inserting `luaotfload.node_processor' at position 1 in `pre_linebreak_filter'.
Inserting `luaotfload.node_processor' at position 1 in `hpack_filter'.
Inserting `luaotfload.glyph_stream' at position 1 in `glyph_stream_provider'.
Inserting `luaotfload.define_font' at position 1 in `define_font'.
Lua-only attribute luaotfload_color_attribute = 3
luaotfload | conf : Root cache directory is "/home/stlsnk/.texlive2021/texmf-var
/luatex-cache/generic/names".
Inserting `luaotfload.harf.strip_prefix' at position 1 in `find_opentype_file'.
Inserting `luaotfload.harf.strip_prefix' at position 1 in `find_truetype_file'.
Inserting `luaotfload.harf.finalize_vlist' at position 1 in `post_linebreak_filt
er'.
Inserting `luaotfload.harf.finalize_hlist' at position 2 in `hpack_filter'.
Inserting `luaotfload.cleanup_files' at position 1 in `wrapup_run'.
Inserting `luaotfload.harf.finalize_unicode' at position 1 in `finish_pdffile'.
Inserting `luaotfload.glyphinfo' at position 1 in `glyph_info'.
Inserting `luaotfload.aux.set_sscale_dimens' at position 1 in `luaotfload.patch_
font'.
Inserting `luaotfload.aux.set_font_index' at position 2 in `luaotfload.patch_fon
t'.
Inserting `luaotfload.aux.patch_cambria_domh' at position 3 in `luaotfload.patch
_font'.
Inserting `luaotfload.aux.fixup_fontdata' at position 1 in `luaotfload.patch_fon
t_unsafe'.
Inserting `luaotfload.aux.set_capheight' at position 4 in `luaotfload.patch_font
'.
Inserting `luaotfload.aux.set_xheight' at position 5 in `luaotfload.patch_font'.
Inserting `luaotfload.rewrite_fontname' at position 6 in `luaotfload.patch_font'
. L3 programming layer <2021-02-18> (./mainpage.tex
(/usr/share/texmf-dist/tex/latex/base/book.cls
Document Class: book 2020/04/10 v1.4m Standard LaTeX document class
(/usr/share/texmf-dist/tex/latex/base/bk10.clo
File: bk10.clo 2020/04/10 v1.4m Standard LaTeX file (size option)
luaotfload | db : Font names database loaded from /home/stlsnk/.texlive2021/texm
f-var/luatex-cache/generic/names/luaotfload-names.luc)
\c@part=\count175
\c@chapter=\count176
\c@section=\count177
\c@subsection=\count178
\c@subsubsection=\count179
\c@paragraph=\count180
\c@subparagraph=\count181
\c@figure=\count182
\c@table=\count183
\abovecaptionskip=\skip47
\belowcaptionskip=\skip48
\bibindent=\dimen138
)
(/usr/share/texmf-dist/tex/generic/iftex/iftex.sty
Package: iftex 2020/03/06 v1.0d TeX engine tests
)
(/usr/share/texmf-dist/tex/latex/fontspec/fontspec.sty
(/usr/share/texmf-dist/tex/latex/l3packages/xparse/xparse.sty
(/usr/share/texmf-dist/tex/latex/l3kernel/expl3.sty
Package: expl3 2021-02-18 L3 programming layer (loader) 

(/usr/share/texmf-dist/tex/latex/l3backend/l3backend-luatex.def
File: l3backend-luatex.def 2021-03-18 L3 backend support: PDF output (LuaTeX)
\l__color_backend_stack_int=\count184
\l__pdf_internal_box=\box47
))
(/usr/share/texmf-dist/tex/latex/l3packages/xparse/xparse-2020-10-01.sty
(/usr/share/texmf-dist/tex/latex/l3packages/xparse/xparse-generic.tex)))
Package: fontspec 2020/02/21 v2.7i Font selection for XeLaTeX and LuaLaTeX
Lua module: fontspec 2020/02/21 2.7i Font selection for XeLaTeX and LuaLaTeX
(/usr/share/texmf-dist/tex/latex/fontspec/fontspec-luatex.sty
Package: fontspec-luatex 2020/02/21 v2.7i Font selection for XeLaTeX and LuaLaT
eX
\l__fontspec_script_int=\count185
\l__fontspec_language_int=\count186
\l__fontspec_strnum_int=\count187
\l__fontspec_tmp_int=\count188
\l__fontspec_tmpa_int=\count189
\l__fontspec_tmpb_int=\count190
\l__fontspec_tmpc_int=\count191
\l__fontspec_em_int=\count192
\l__fontspec_emdef_int=\count193
\l__fontspec_strong_int=\count194
\l__fontspec_strongdef_int=\count195
\l__fontspec_tmpa_dim=\dimen139
\l__fontspec_tmpb_dim=\dimen140
\l__fontspec_tmpc_dim=\dimen141

(/usr/share/texmf-dist/tex/latex/base/fontenc.sty
Package: fontenc 2020/08/10 v2.0s Standard LaTeX package
)
(/usr/share/texmf-dist/tex/latex/fontspec/fontspec.cfg)))
(/usr/share/texmf-dist/tex/generic/babel/babel.sty
Package: babel 2021/03/24 3.56 The Babel package

(/usr/share/texmf-dist/tex/generic/babel/babel.def
File: babel.def 2021/03/24 3.56 Babel common definitions

(/usr/share/texmf-dist/tex/generic/babel/luababel.def
\bbl@readstream=\read2
\l@dumylang=\language2
Package babel Info: Non-standard hyphenation setup on input line 117.
\l@nohyphenation=\language3
\l@german-x-2021-02-26=\language4
\l@ngerman-x-2021-02-26=\language5
\l@afrikaans=\language6
\l@ancientgreek=\language7
\l@ibycus=\language8
\l@arabic=\language9
\l@armenian=\language10
\l@basque=\language11
\l@belarusian=\language12
\l@bulgarian=\language13
\l@catalan=\language14
\l@pinyin=\language15
\l@churchslavonic=\language16
\l@coptic=\language17
\l@croatian=\language18
\l@czech=\language19
\l@danish=\language20
\l@dutch=\language21
\l@ukenglish=\language22
\l@usenglishmax=\language23
\l@esperanto=\language24
\l@estonian=\language25
\l@ethiopic=\language26
\l@farsi=\language27
\l@finnish=\language28
\l@schoolfinnish=\language29
\l@french=\language30
\l@friulan=\language31
\l@galician=\language32
\l@georgian=\language33
\l@german=\language34
\l@ngerman=\language35
\l@swissgerman=\language36
\l@greek=\language37
\l@monogreek=\language38
\l@hungarian=\language39
\l@icelandic=\language40
\l@assamese=\language41
\l@bengali=\language42
\l@gujarati=\language43
\l@hindi=\language44
\l@kannada=\language45
\l@malayalam=\language46
\l@marathi=\language47
\l@oriya=\language48
\l@pali=\language49
\l@panjabi=\language50
\l@tamil=\language51
\l@telugu=\language52
\l@indonesian=\language53
\l@interlingua=\language54
\l@irish=\language55
\l@italian=\language56
\l@kurmanji=\language57
\l@classiclatin=\language58
\l@latin=\language59
\l@liturgicallatin=\language60
\l@latvian=\language61
\l@lithuanian=\language62
\l@macedonian=\language63
\l@mongolian=\language64
\l@mongolianlmc=\language65
\l@bokmal=\language66
\l@nynorsk=\language67
\l@occitan=\language68
\l@piedmontese=\language69
\l@polish=\language70
\l@portuguese=\language71
\l@romanian=\language72
\l@romansh=\language73
\l@russian=\language74
\l@sanskrit=\language75
\l@serbian=\language76
\l@serbianc=\language77
\l@slovak=\language78
\l@slovenian=\language79
\l@spanish=\language80
\l@swedish=\language81
\l@thai=\language82
\l@turkish=\language83
\l@turkmen=\language84
\l@ukrainian=\language85
\l@uppersorbian=\language86
\l@welsh=\language87
\babelcatcodetablenum=\catcodetable12
\bbl@pattcodes=\catcodetable13
)
\babel@savecnt=\count196
\U@D=\dimen142
\l@babelnohyphens=\language88

(/usr/share/texmf-dist/tex/generic/babel/luababel.def
\bbl@attr@locale=\attribute4
))
(/usr/share/texmf-dist/tex/generic/babel-hungarian/magyar.ldf
Language: magyar 2019/01/14 v1.5c Magyar (Hungarian) support for babel
Package babel Info: Making ` an active character on input line 2819.
\c@footnote@add=\count197
\c@footnote@ch=\count198

(/usr/share/texmf-dist/tex/generic/hyph-utf8/loadhyph/loadhyph-hu.tex
UTF-8 Hungarian hyphenation patterns
(/usr/share/texmf-dist/tex/generic/hyph-utf8/patterns/tex/hyph-hu.tex))))
(/usr/share/texmf-dist/tex/latex/lwarp/lwarp.sty
Package: lwarp 2021/02/18 v0.895 Allows LaTeX to directly produce HTML5 output.


(/usr/share/texmf-dist/tex/generic/iftex/ifpdf.sty
Package: ifpdf 2019/10/25 v3.4 ifpdf legacy package. Use iftex instead.
)
(/usr/share/texmf-dist/tex/generic/ifptex/ifptex.sty
Package: ifptex 2019/11/01 v2.0 pTeX checker
)
(/usr/share/texmf-dist/tex/latex/etoolbox/etoolbox.sty
Package: etoolbox 2020/10/05 v2.5k e-TeX tools for LaTeX (JAW)
\etb@tempcnta=\count199
)
(/usr/share/texmf-dist/tex/latex/xpatch/xpatch.sty
Package: xpatch 2020/03/25 v0.3a Extending etoolbox patching commands
)
(/usr/share/texmf-dist/tex/latex/ifplatform/ifplatform.sty
Package: ifplatform 2017/10/13 v0.4a Testing for the operating system

(/usr/share/texmf-dist/tex/latex/tools/shellesc.sty
Package: shellesc 2019/11/08 v1.0c unified shell escape interface for LaTeX
Package shellesc Info: Restricted shell escape enabled on input line 77.
)
(/usr/share/texmf-dist/tex/generic/pdftexcmds/pdftexcmds.sty
Package: pdftexcmds 2020-06-27 v0.33 Utility functions of pdfTeX for LuaTeX (HO
)

(/usr/share/texmf-dist/tex/generic/infwarerr/infwarerr.sty
Package: infwarerr 2019/12/03 v1.5 Providing info/warning/error messages (HO)
)
(/usr/share/texmf-dist/tex/generic/ltxcmds/ltxcmds.sty
Package: ltxcmds 2020-05-10 v1.25 LaTeX kernel commands for general use (HO)
)
Package pdftexcmds Info: \pdf@primitive is available.
Package pdftexcmds Info: \pdf@ifprimitive is available.
Package pdftexcmds Info: \pdfdraftmode found.
\pdftexcmds@toks=\toks15
)
(/usr/share/texmf-dist/tex/generic/catchfile/catchfile.sty
Package: catchfile 2019/12/09 v1.8 Catch the contents of a file (HO)

(/usr/share/texmf-dist/tex/generic/etexcmds/etexcmds.sty
Package: etexcmds 2019/12/15 v1.7 Avoid name clashes with e-TeX commands (HO)
))
(/usr/share/texmf-dist/tex/generic/iftex/ifluatex.sty
Package: ifluatex 2019/10/25 v1.5 ifluatex legacy package. Use iftex instead.
))
(/usr/share/texmf-dist/tex/latex/letltxmacro/letltxmacro.sty
Package: letltxmacro 2019/12/03 v1.6 Let assignment for LaTeX macros (HO)
)
(/usr/share/texmf-dist/tex/latex/newunicodechar/newunicodechar.sty
Package: newunicodechar 2018/04/08 v1.2 Defining Unicode characters
)
\LWR@templengthone=\skip49
\LWR@templengthtwo=\skip50
\LWR@templengththree=\skip51
\c@LWR@tempcountone=\count266
\c@LWR@texboxdepth=\count267

(/usr/share/texmf-dist/tex/latex/kvoptions/kvoptions.sty
Package: kvoptions 2020-10-07 v3.14 Key value format for package options (HO)

(/usr/share/texmf-dist/tex/latex/graphics/keyval.sty
Package: keyval 2014/10/28 v1.15 key=value parser (DPC)
\KV@toks@=\toks16
)
(/usr/share/texmf-dist/tex/generic/kvsetkeys/kvsetkeys.sty
Package: kvsetkeys 2019/12/15 v1.18 Key value parser (HO)
))
Package lwarp Info: Using option 'warpHTML' on input line 1056.

(/usr/share/texmf-dist/tex/latex/comment/comment.sty
\CommentStream=\write3

Excluding comment 'comment') Lwarp: Including comment 'warpall'
Lwarp: Including comment 'warpHTML' Lwarp: Excluding comment 'warpprint'
Excluding 'warpprint' comment. Including 'warpHTML' comment.
\openout3 = comment_html.cut

Straight input of comment_html.cut. (./comment_html.cut
Lwarp: Excluding comment 'warpMathJax')
Lwarp: Excluding comment 'LWRcreatelwarpmk' Including 'warpHTML' comment.
\openout3 = comment_html.cut

Straight input of comment_html.cut. (./comment_html.cut)
Including 'warpHTML' comment.
\openout3 = comment_html.cut
 Straight input of comment_html.cut.
(./comment_html.cut (/usr/share/texmf-dist/tex/latex/geometry/geometry.sty
Package: geometry 2020/01/02 v5.9 Page Geometry

(/usr/share/texmf-dist/tex/generic/iftex/ifvtex.sty
Package: ifvtex 2019/10/25 v1.7 ifvtex legacy package. Use iftex instead.
)
\Gm@cnth=\count268
\Gm@cntv=\count269
\c@Gm@tempcnt=\count270
\Gm@bindingoffset=\dimen143
\Gm@wd@mp=\dimen144
\Gm@odd@mp=\dimen145
\Gm@even@mp=\dimen146
\Gm@layoutwidth=\dimen147
\Gm@layoutheight=\dimen148
\Gm@layouthoffset=\dimen149
\Gm@layoutvoffset=\dimen150
\Gm@dimlist=\toks17
))
Including 'warpall' comment.
\openout3 = comment_all.cut
 Straight input of comment_all.cut.
(./comment_all.cut (/usr/share/texmf-dist/tex/latex/tools/calc.sty
Package: calc 2017/05/25 v4.3 Infix arithmetic (KKT,FJ)
\calc@Acount=\count271
\calc@Bcount=\count272
\calc@Adimen=\dimen151
\calc@Bdimen=\dimen152
\calc@Askip=\skip52
\calc@Bskip=\skip53
LaTeX Info: Redefining \setlength on input line 80.
LaTeX Info: Redefining \addtolength on input line 81.
\calc@Ccount=\count273
\calc@Cskip=\skip54
))
Including 'warpHTML' comment.
\openout3 = comment_html.cut
 Straight input of comment_html.cut.
(./comment_html.cut
(/usr/share/texmf-dist/tex/generic/gettitlestring/gettitlestring.sty
Package: gettitlestring 2019/12/15 v1.6 Cleanup title references (HO)
))
(/usr/share/texmf-dist/tex/latex/everyhook/everyhook.sty
(/usr/share/texmf-dist/tex/latex/svn-prov/svn-prov.sty
Package: svn-prov 2010/04/24 v3.1862 Package Date/Version from SVN Keywords
)
Package: everyhook 2014/11/26 v1.2 (SVN Rev: 12)\ Hooks for low level TeX every
X primitives.
\everypar=\toks18
\frozen@everymath=\toks19
\frozen@everydisplay=\toks20
\everyhbox=\toks21
\everyvbox=\toks22
\everycr=\toks23
)
Including 'warpall' comment.
\openout3 = comment_all.cut
 Straight input of comment_all.cut.
(./comment_all.cut) Including 'warpHTML' comment.
\openout3 = comment_html.cut

Straight input of comment_html.cut. (./comment_html.cut
(/usr/share/texmf-dist/tex/latex/xifthen/xifthen.sty
Package: xifthen 2015/11/05 v1.4.0 Extended ifthen features

(/usr/share/texmf-dist/tex/latex/base/ifthen.sty
Package: ifthen 2014/09/29 v1.1c Standard LaTeX ifthen package (DPC)
)
(/usr/share/texmf-dist/tex/latex/ifmtarg/ifmtarg.sty
Package: ifmtarg 2018/04/16 v1.2b check for an empty argument
))
(/usr/share/texmf-dist/tex/latex/tools/verbatim.sty
Package: verbatim 2020-07-07 v1.5u LaTeX2e package for verbatim enhancements
\every@verbatim=\toks24
\verbatim@line=\toks25
\verbatim@in@stream=\read3
)
(/usr/share/texmf-dist/tex/latex/refcount/refcount.sty
Package: refcount 2019/12/15 v3.6 Data extraction from label references (HO)
)
(/usr/share/texmf-dist/tex/latex/newfloat/newfloat.sty
Package: newfloat 2019/09/02 v1.1l Defining new floating environments (AR)
Package newfloat Info: Document class `book' detected.
))
Including 'warpall' comment.
\openout3 = comment_all.cut
 Straight input of comment_all.cut.
(./comment_all.cut (/usr/share/texmf-dist/tex/generic/xstring/xstring.sty
(/usr/share/texmf-dist/tex/generic/xstring/xstring.tex
\integerpart=\count274
\decimalpart=\count275
)
Package: xstring 2019/02/06 v1.83 String manipulations (CT)
)
(/usr/share/texmf-dist/tex/latex/environ/environ.sty
Package: environ 2014/05/04 v0.3 A new way to define environments

(/usr/share/texmf-dist/tex/latex/trimspaces/trimspaces.sty
Package: trimspaces 2009/09/17 v1.1 Trim spaces around a token list
)
\@envbody=\toks26
))
Including 'warpHTML' comment.
\openout3 = comment_html.cut
 Straight input of comment_html.cut.
(./comment_html.cut (/usr/share/texmf-dist/tex/latex/printlen/printlen.sty
Package: printlen 2009/09/03 v1.1a print lengths with units
))
Excluding 'warpprint' comment. Including 'warpall' comment.
\openout3 = comment_all.cut

Straight input of comment_all.cut. (./comment_all.cut)
Including 'warpHTML' comment.
\openout3 = comment_html.cut
 Straight input of comment_html.cut.
(./comment_html.cut) Including 'warpall' comment.
\openout3 = comment_all.cut

Straight input of comment_all.cut. (./comment_all.cut
\LWR@quickfile=\write4
)
Including 'warpHTML' comment.
\openout3 = comment_html.cut
 Straight input of comment_html.cut.
(./comment_html.cut
\LWR@lateximagesfile=\write5
) Including 'warpHTML' comment.
\openout3 = comment_html.cut

Straight input of comment_html.cut. (./comment_html.cut)
Including 'warpHTML' comment.
\openout3 = comment_html.cut
 Straight input of comment_html.cut.
(./comment_html.cut
\LWR@copyoutfile=\write6
\LWR@copyinfile=\read4
) Including 'warpall' comment.
\openout3 = comment_all.cut

Straight input of comment_all.cut. (./comment_all.cut)
Including 'warpHTML' comment.
\openout3 = comment_html.cut
 Straight input of comment_html.cut.
(./comment_html.cut) Including 'warpall' comment.
\openout3 = comment_all.cut

Straight input of comment_all.cut. (./comment_all.cut)
Including 'warpHTML' comment.
\openout3 = comment_html.cut
 Straight input of comment_html.cut.
(./comment_html.cut) Including 'warpHTML' comment.
\openout3 = comment_html.cut

Straight input of comment_html.cut. (./comment_html.cut)
Including 'warpHTML' comment.
\openout3 = comment_html.cut
 Straight input of comment_html.cut.
(./comment_html.cut) Lwarp: Excluding comment 'LWRwriteconf'
Excluding 'warpprint' comment. Excluding 'LWRwriteconf' comment.
Excluding 'LWRwriteconf' comment. Excluding 'LWRwriteconf' comment.
Excluding 'LWRwriteconf' comment. Excluding 'LWRwriteconf' comment.
Excluding 'LWRwriteconf' comment. Excluding 'LWRwriteconf' comment.
Excluding 'LWRwriteconf' comment. Excluding 'LWRwriteconf' comment.
Excluding 'LWRwriteconf' comment. Excluding 'LWRwriteconf' comment.
Excluding 'LWRwriteconf' comment. Excluding 'LWRcreatelwarpmk' comment.
Including 'warpHTML' comment.
\openout3 = comment_html.cut
 Straight input of comment_html.cut.
(./comment_html.cut) Including 'warpHTML' comment.
\openout3 = comment_html.cut

Straight input of comment_html.cut. (./comment_html.cut)
Including 'warpall' comment.
\openout3 = comment_all.cut
 Straight input of comment_all.cut.
(./comment_all.cut) Including 'warpall' comment.
\openout3 = comment_all.cut

Straight input of comment_all.cut. (./comment_all.cut)
Including 'warpHTML' comment.
\openout3 = comment_html.cut
 Straight input of comment_html.cut.
(./comment_html.cut) Including 'warpall' comment.
\openout3 = comment_all.cut

Straight input of comment_all.cut. (./comment_all.cut)
Including 'warpHTML' comment.
\openout3 = comment_html.cut
 Straight input of comment_html.cut.
(./comment_html.cut
\c@LWR@HTMLpagenum=\count276
\c@LWR@htmlseqfilenumber=\count277
\c@LWR@htmlfilenumber=\count278
) Including 'warpall' comment.
\openout3 = comment_all.cut

Straight input of comment_all.cut. (./comment_all.cut)
Including 'warpHTML' comment.
\openout3 = comment_html.cut
 Straight input of comment_html.cut.
(./comment_html.cut) Excluding 'warpprint' comment.
Including 'warpHTML' comment.
\openout3 = comment_html.cut
 Straight input of comment_html.cut.
(./comment_html.cut) Including 'warpall' comment.
\openout3 = comment_all.cut

Straight input of comment_all.cut. (./comment_all.cut)
Excluding 'warpprint' comment. Including 'warpHTML' comment.
\openout3 = comment_html.cut

Straight input of comment_html.cut. (./comment_html.cut)
Including 'warpHTML' comment.
\openout3 = comment_html.cut
 Straight input of comment_html.cut.
(./comment_html.cut) Excluding 'warpprint' comment.
Including 'warpHTML' comment.
\openout3 = comment_html.cut
 Straight input of comment_html.cut.
(./comment_html.cut) Including 'warpHTML' comment.
\openout3 = comment_html.cut

Straight input of comment_html.cut. (./comment_html.cut)
Including 'warpHTML' comment.
\openout3 = comment_html.cut
 Straight input of comment_html.cut.
(./comment_html.cut) Excluding 'warpprint' comment.
Including 'warpHTML' comment.
\openout3 = comment_html.cut
 Straight input of comment_html.cut.
(./comment_html.cut) Including 'warpall' comment.
\openout3 = comment_all.cut

Straight input of comment_all.cut. (./comment_all.cut)
Including 'warpHTML' comment.
\openout3 = comment_html.cut
 Straight input of comment_html.cut.
(./comment_html.cut) Excluding 'warpprint' comment.
Including 'warpHTML' comment.
\openout3 = comment_html.cut
 Straight input of comment_html.cut.
(./comment_html.cut) Excluding 'warpprint' comment.
Including 'warpHTML' comment.
\openout3 = comment_html.cut
 Straight input of comment_html.cut.
(./comment_html.cut) Including 'warpHTML' comment.
\openout3 = comment_html.cut

Straight input of comment_html.cut. (./comment_html.cut)
Including 'warpHTML' comment.
\openout3 = comment_html.cut
 Straight input of comment_html.cut.
(./comment_html.cut
\c@LWR@spandepth=\count279
) Including 'warpHTML' comment.
\openout3 = comment_html.cut

Straight input of comment_html.cut. (./comment_html.cut)
Including 'warpHTML' comment.
\openout3 = comment_html.cut
 Straight input of comment_html.cut.
(./comment_html.cut) Including 'warpall' comment.
\openout3 = comment_all.cut

Straight input of comment_all.cut. (./comment_all.cut)
Including 'warpHTML' comment.
\openout3 = comment_html.cut
 Straight input of comment_html.cut.
(./comment_html.cut) Excluding 'warpprint' comment.
Including 'warpHTML' comment.
\openout3 = comment_html.cut
 Straight input of comment_html.cut.
(./comment_html.cut) Excluding 'warpprint' comment.
Including 'warpHTML' comment.
\openout3 = comment_html.cut
 Straight input of comment_html.cut.
(./comment_html.cut) Including 'warpall' comment.
\openout3 = comment_all.cut

Straight input of comment_all.cut. (./comment_all.cut)
Including 'warpall' comment.
\openout3 = comment_all.cut
 Straight input of comment_all.cut.
(./comment_all.cut
\c@FootnoteDepth=\count280
\c@footnoteReset=\count281
) Including 'warpHTML' comment.
\openout3 = comment_html.cut

Straight input of comment_html.cut. (./comment_html.cut
\LWR@footnotebox=\box48
\LWR@mpfootnotes=\box49
)
Including 'warpHTML' comment.
\openout3 = comment_html.cut
 Straight input of comment_html.cut.
(./comment_html.cut) Excluding 'warpprint' comment.
Including 'warpall' comment.
\openout3 = comment_all.cut
 Straight input of comment_all.cut.
(./comment_all.cut
\c@FileDepth=\count282
) Including 'warpHTML' comment.
\openout3 = comment_html.cut

Straight input of comment_html.cut. (./comment_html.cut
\c@LWR@previousautopagelabel=\count283
)
Excluding 'warpMathJax' comment. Excluding 'warpMathJax' comment.
Including 'warpHTML' comment.
\openout3 = comment_html.cut
 Straight input of comment_html.cut.
(./comment_html.cut) Excluding 'warpprint' comment.
Including 'warpHTML' comment.
\openout3 = comment_html.cut
 Straight input of comment_html.cut.
(./comment_html.cut) Including 'warpHTML' comment.
\openout3 = comment_html.cut

Straight input of comment_html.cut. (./comment_html.cut)
Excluding 'warpprint' comment. Including 'warpHTML' comment.
\openout3 = comment_html.cut

Straight input of comment_html.cut. (./comment_html.cut
\c@LWR@prevFileDepth=\count284
\c@LWR@currentautosec=\count285
)
Including 'warpall' comment.
\openout3 = comment_all.cut
 Straight input of comment_all.cut.
(./comment_all.cut) Including 'warpHTML' comment.
\openout3 = comment_html.cut

Straight input of comment_html.cut. (./comment_html.cut)
Including 'warpHTML' comment.
\openout3 = comment_html.cut
 Straight input of comment_html.cut.
(./comment_html.cut) Including 'warpHTML' comment.
\openout3 = comment_html.cut

Straight input of comment_html.cut. (./comment_html.cut)
Including 'warpall' comment.
\openout3 = comment_all.cut
 Straight input of comment_all.cut.
(./comment_all.cut) Including 'warpall' comment.
\openout3 = comment_all.cut

Straight input of comment_all.cut. (./comment_all.cut)
Excluding 'warpprint' comment. Including 'warpHTML' comment.
\openout3 = comment_html.cut

Straight input of comment_html.cut. (./comment_html.cut)
Excluding 'warpprint' comment. Including 'warpHTML' comment.
\openout3 = comment_html.cut

Straight input of comment_html.cut. (./comment_html.cut)
Including 'warpHTML' comment.
\openout3 = comment_html.cut
 Straight input of comment_html.cut.
(./comment_html.cut) Excluding 'warpprint' comment.
Including 'warpHTML' comment.
\openout3 = comment_html.cut
 Straight input of comment_html.cut.
(./comment_html.cut) Including 'warpall' comment.
\openout3 = comment_all.cut

Straight input of comment_all.cut. (./comment_all.cut)
Including 'warpHTML' comment.
\openout3 = comment_html.cut
 Straight input of comment_html.cut.
(./comment_html.cut) Including 'warpall' comment.
\openout3 = comment_all.cut

Straight input of comment_all.cut. (./comment_all.cut)
Including 'warpHTML' comment.
\openout3 = comment_html.cut
 Straight input of comment_html.cut.
(./comment_html.cut) Including 'warpHTML' comment.
\openout3 = comment_html.cut

Straight input of comment_html.cut. (./comment_html.cut)
Including 'warpHTML' comment.
\openout3 = comment_html.cut
 Straight input of comment_html.cut.
(./comment_html.cut) Including 'warpall' comment.
\openout3 = comment_all.cut

Straight input of comment_all.cut. (./comment_all.cut
\HTMLvleftskip=\skip55
\HTMLleftmargini=\skip56
)
Including 'warpall' comment.
\openout3 = comment_all.cut
 Straight input of comment_all.cut.
(./comment_all.cut
\VerbatimHTMLWidth=\skip57
) Including 'warpHTML' comment.
\openout3 = comment_html.cut

Straight input of comment_html.cut. (./comment_html.cut)
Including 'warpHTML' comment.
\openout3 = comment_html.cut
 Straight input of comment_html.cut.
(./comment_html.cut) Including 'warpHTML' comment.
\openout3 = comment_html.cut

Straight input of comment_html.cut. (./comment_html.cut)
Including 'warpHTML' comment.
\openout3 = comment_html.cut
 Straight input of comment_html.cut.
(./comment_html.cut
\c@LWR@hlines=\count286
\c@LWR@hdashedlines=\count287
\c@LWR@tabulardepth=\count288
\c@LWR@tabularpardepth=\count289
\c@LWR@tablecolspecwidth=\count290
\c@LWR@tablecolspecindex=\count291
\c@LWR@tableLaTeXcolindex=\count292
\c@LWR@tabletotalLaTeXcols=\count293
\c@LWR@tabletotalLaTeXcolsnext=\count294
\c@LWR@cellcolordepth=\count295
\c@LWR@tablemulticolswidth=\count296
\c@LWR@tablemulticolspos=\count297
\c@LWR@mcolvertbarsl=\count298
\c@LWR@mcolvertbarsr=\count299
\c@LWR@mcolvertbarsldash=\count300
\c@LWR@mcolvertbarsrdash=\count301
\c@LWR@midrulecounter=\count302
) Including 'warpHTML' comment.
\openout3 = comment_html.cut

Straight input of comment_html.cut. (./comment_html.cut
\LWR@starcount=\count303
\c@LWR@splitstarindex=\count304
\c@LWR@splitstarcopies=\count305
\rownum=\count306
\LWR@heavyrulewidth=\skip58
\LWR@lightrulewidth=\skip59
\LWR@cmidrulewidth=\skip60
\LWR@thiscmidrulewidth=\skip61
\c@LWR@lastmulticolumn=\count307
\c@LWR@tabhtmlcolindex=\count308
\c@LWR@tabhtmlcolend=\count309
\c@LWR@tabhtmlcoltotal=\count310
)
Including 'warpHTML' comment.
\openout3 = comment_html.cut
 Straight input of comment_html.cut.
(./comment_html.cut) Including 'warpall' comment.
\openout3 = comment_all.cut

Straight input of comment_all.cut. (./comment_all.cut)
Including 'warpHTML' comment.
\openout3 = comment_html.cut
 Straight input of comment_html.cut.
(./comment_html.cut) Including 'warpall' comment.
\openout3 = comment_all.cut

Straight input of comment_all.cut. (./comment_all.cut)
Including 'warpHTML' comment.
\openout3 = comment_html.cut
 Straight input of comment_html.cut.
(./comment_html.cut) Excluding 'warpprint' comment.
Including 'warpHTML' comment.
\openout3 = comment_html.cut
 Straight input of comment_html.cut.
(./comment_html.cut) Including 'warpall' comment.
\openout3 = comment_all.cut

Straight input of comment_all.cut. (./comment_all.cut)
Including 'warpall' comment.
\openout3 = comment_all.cut
 Straight input of comment_all.cut.
(./comment_all.cut) Including 'warpHTML' comment.
\openout3 = comment_html.cut

Straight input of comment_html.cut. (./comment_html.cut)
Including 'warpHTML' comment.
\openout3 = comment_html.cut
 Straight input of comment_html.cut.
(./comment_html.cut) Including 'warpHTML' comment.
\openout3 = comment_html.cut

Straight input of comment_html.cut. (./comment_html.cut
\c@LWR@thisautoid=\count311
\c@LWR@thisautoidWP=\count312
\c@LWR@nextautoid=\count313
\c@LWR@nextautopage=\count314
\c@LWR@latestautopage=\count315

(/usr/share/texmf-dist/tex/latex/capt-of/capt-of.sty
Package: capt-of 2009/12/29 v0.2 standard captions outside of floats
))
Including 'warpHTML' comment.
\openout3 = comment_html.cut
 Straight input of comment_html.cut.
(./comment_html.cut) Including 'warpall' comment.
\openout3 = comment_all.cut

Straight input of comment_all.cut. (./comment_all.cut
\c@SideTOCDepth=\count316
)
Including 'warpHTML' comment.
\openout3 = comment_html.cut
 Straight input of comment_html.cut.
(./comment_html.cut
\c@lofdepth=\count317
\c@lotdepth=\count318
) Including 'warpHTML' comment.
\openout3 = comment_html.cut

Straight input of comment_html.cut. (./comment_html.cut
\c@LWR@autoindex=\count319
\c@LWR@autoglossary=\count320
)
Excluding 'warpprint' comment. Including 'warpall' comment.
\openout3 = comment_all.cut

Straight input of comment_all.cut. (./comment_all.cut)
Including 'warpHTML' comment.
\openout3 = comment_html.cut
 Straight input of comment_html.cut.
(./comment_html.cut) Including 'warpHTML' comment.
\openout3 = comment_html.cut

Straight input of comment_html.cut. (./comment_html.cut)
Including 'warpHTML' comment.
\openout3 = comment_html.cut
 Straight input of comment_html.cut.
(./comment_html.cut) Including 'warpall' comment.
\openout3 = comment_all.cut

Straight input of comment_all.cut. (./comment_all.cut)
Including 'warpHTML' comment.
\openout3 = comment_html.cut
 Straight input of comment_html.cut.
(./comment_html.cut
\c@LWR@externalfilecnt=\count321
\LWR@singledollarwidth=\skip62
\LWR@singledollarheight=\skip63
\LWR@singledollardepth=\skip64
\LWR@singledollarbox=\box50
\c@LWR@nextequation=\count322
) Excluding 'warpprint' comment.
Including 'warpHTML' comment.
\openout3 = comment_html.cut
 Straight input of comment_html.cut.
(./comment_html.cut) Including 'warpHTML' comment.
\openout3 = comment_html.cut

Straight input of comment_html.cut. (./comment_html.cut
\c@LWR@lateximagenumber=\count323
\c@LWR@lateximagedepth=\count324
\c@LWR@LIpage=\count325
)
Including 'warpall' comment.
\openout3 = comment_all.cut
 Straight input of comment_all.cut.
(./comment_all.cut) Including 'warpHTML' comment.
\openout3 = comment_html.cut

Straight input of comment_html.cut. (./comment_html.cut
\c@LWR@startingequation=\count326
)
Excluding 'warpprint' comment. Including 'warpHTML' comment.
\openout3 = comment_html.cut

Straight input of comment_html.cut. (./comment_html.cut)
Including 'warpHTML' comment.
\openout3 = comment_html.cut
 Straight input of comment_html.cut.
(./comment_html.cut) Including 'warpHTML' comment.
\openout3 = comment_html.cut

Straight input of comment_html.cut. (./comment_html.cut)
Excluding 'warpprint' comment. Including 'warpall' comment.
\openout3 = comment_all.cut

Straight input of comment_all.cut. (./comment_all.cut)
Excluding 'warpprint' comment. Including 'warpHTML' comment.
\openout3 = comment_html.cut

Straight input of comment_html.cut. (./comment_html.cut)
Including 'warpHTML' comment.
\openout3 = comment_html.cut
 Straight input of comment_html.cut.
(./comment_html.cut) Including 'warpHTML' comment.
\openout3 = comment_html.cut

Straight input of comment_html.cut. (./comment_html.cut)
Including 'warpHTML' comment.
\openout3 = comment_html.cut
 Straight input of comment_html.cut.
(./comment_html.cut
\LWR@minipagewidth=\skip65
\LWR@minipageheight=\skip66
\c@LWR@virtualpagedepth=\count327
) Excluding 'warpprint' comment.
Including 'warpHTML' comment.
\openout3 = comment_html.cut
 Straight input of comment_html.cut.
(./comment_html.cut
\LWR@atleastonept=\skip67
) Including 'warpall' comment.
\openout3 = comment_all.cut

Straight input of comment_all.cut. (./comment_all.cut)
Including 'warpHTML' comment.
\openout3 = comment_html.cut
 Straight input of comment_html.cut.
(./comment_html.cut) Including 'warpall' comment.
\openout3 = comment_all.cut

Straight input of comment_all.cut. (./comment_all.cut
\LWR@fminipagebox=\box51
)
Including 'warpHTML' comment.
\openout3 = comment_html.cut
 Straight input of comment_html.cut.
(./comment_html.cut) Including 'warpall' comment.
\openout3 = comment_all.cut

Straight input of comment_all.cut. (./comment_all.cut)
Including 'warpHTML' comment.
\openout3 = comment_html.cut
 Straight input of comment_html.cut.
(./comment_html.cut
\c@LWR@textcurrentfontdepth=\count328
) Excluding 'warpprint' comment.
Including 'warpHTML' comment.
\openout3 = comment_html.cut
 Straight input of comment_html.cut.
(./comment_html.cut
\LWR@tempwidth=\skip68
\LWR@tempheight=\skip69
\LWR@tempraise=\skip70
) Including 'warpHTML' comment.
\openout3 = comment_html.cut

Straight input of comment_html.cut. (./comment_html.cut)
Including 'warpall' comment.
\openout3 = comment_all.cut
 Straight input of comment_all.cut.
(./comment_all.cut) Including 'warpHTML' comment.
\openout3 = comment_html.cut

Straight input of comment_html.cut. (./comment_html.cut)
Including 'warpHTML' comment.
\openout3 = comment_html.cut
 Straight input of comment_html.cut.
(./comment_html.cut) Including 'warpHTML' comment.
\openout3 = comment_html.cut

Straight input of comment_html.cut. (./comment_html.cut)
Including 'warpHTML' comment.
\openout3 = comment_html.cut
 Straight input of comment_html.cut.
(./comment_html.cut) (/usr/share/texmf-dist/tex/latex/lwarp/lwarp-textcomp.sty
Package lwarp Info: Using package `textcomp',
(lwarp)             and adding lwarp modifications, including options,
(lwarp)              on input line 20.
Package: lwarp-textcomp 2017/04/05

(/usr/share/texmf-dist/tex/latex/base/textcomp.sty
Package: textcomp 2020/02/02 v2.0n Standard LaTeX package
))
Including 'warpHTML' comment.
\openout3 = comment_html.cut
 Straight input of comment_html.cut.
(./comment_html.cut) Including 'warpHTML' comment.
\openout3 = comment_html.cut

Straight input of comment_html.cut. (./comment_html.cut)
Excluding 'warpprint' comment. Including 'warpHTML' comment.
\openout3 = comment_html.cut

Straight input of comment_html.cut. (./comment_html.cut)
Including 'warpHTML' comment.
\openout3 = comment_html.cut
 Straight input of comment_html.cut.
(./comment_html.cut) Including 'warpHTML' comment.
\openout3 = comment_html.cut

Straight input of comment_html.cut. (./comment_html.cut)
Including 'warpHTML' comment.
\openout3 = comment_html.cut
 Straight input of comment_html.cut.
(./comment_html.cut) Including 'warpHTML' comment.
\openout3 = comment_html.cut

Straight input of comment_html.cut. (./comment_html.cut))
(/usr/share/texmf-dist/tex/latex/amsfonts/amssymb.sty
Package: amssymb 2013/01/14 v3.01 AMS font symbols

(/usr/share/texmf-dist/tex/latex/amsfonts/amsfonts.sty
Package: amsfonts 2013/01/14 v3.01 Basic AMSFonts support
\@emptytoks=\toks27
\symAMSa=\mathgroup4
\symAMSb=\mathgroup5
LaTeX Font Info:    Redeclaring math symbol \hbar on input line 98.
LaTeX Font Info:    Overwriting math alphabet `\mathfrak' in version `bold'
(Font)                  U/euf/m/n --> U/euf/b/n on input line 106.
))
(/usr/share/texmf-dist/tex/latex/lwarp/lwarp-amsmath.sty
Package lwarp Info: Using package `amsmath',
(lwarp)             and adding lwarp modifications, including options,
(lwarp)              on input line 18.
Package: lwarp-amsmath 2017/09/02

(/usr/share/texmf-dist/tex/latex/amsmath/amsmath.sty
Package: amsmath 2020/09/23 v2.17i AMS math features
\@mathmargin=\skip71

For additional information on amsmath, use the `?' option.
(/usr/share/texmf-dist/tex/latex/amsmath/amstext.sty
Package: amstext 2000/06/29 v2.01 AMS text

(/usr/share/texmf-dist/tex/latex/amsmath/amsgen.sty
File: amsgen.sty 1999/11/30 v2.0 generic functions
\@emptytoks=\toks28
\ex@=\dimen153
))
(/usr/share/texmf-dist/tex/latex/amsmath/amsbsy.sty
Package: amsbsy 1999/11/29 v1.2d Bold Symbols
\pmbraise@=\dimen154
)
(/usr/share/texmf-dist/tex/latex/amsmath/amsopn.sty
Package: amsopn 2016/03/08 v2.02 operator names
)
\inf@bad=\count329
LaTeX Info: Redefining \frac on input line 236.
\uproot@=\count330
\leftroot@=\count331
LaTeX Info: Redefining \overline on input line 399.
\classnum@=\count332
\DOTSCASE@=\count333
LaTeX Info: Redefining \ldots on input line 496.
LaTeX Info: Redefining \dots on input line 499.
LaTeX Info: Redefining \cdots on input line 620.
\Mathstrutbox@=\box52
\strutbox@=\box53
\big@size=\dimen155
LaTeX Font Info:    Redeclaring font encoding OML on input line 743.
LaTeX Font Info:    Redeclaring font encoding OMS on input line 744.
\macc@depth=\count334
\c@MaxMatrixCols=\count335
\dotsspace@=\muskip16
\c@parentequation=\count336
\dspbrk@lvl=\count337
\tag@help=\toks29
\row@=\count338
\column@=\count339
\maxfields@=\count340
\andhelp@=\toks30
\eqnshift@=\dimen156
\alignsep@=\dimen157
\tagshift@=\dimen158
\tagwidth@=\dimen159
\totwidth@=\dimen160
\lineht@=\dimen161
\@envbody=\toks31
\multlinegap=\skip72
\multlinetaggap=\skip73
\mathdisplay@stack=\toks32
LaTeX Info: Redefining \[ on input line 2923.
LaTeX Info: Redefining \] on input line 2924.
)
\c@LWR@amsmathdepth=\count341

Excluding 'warpMathJax' comment.)
(/usr/share/texmf-dist/tex/latex/lwarp/lwarp-graphicx.sty
Package lwarp Info: Using package `graphicx',
(lwarp)             and adding lwarp modifications, including options,
(lwarp)              on input line 20.
Package: lwarp-graphicx 2020/09/09

(/usr/share/texmf-dist/tex/latex/graphics/graphicx.sty
Package: graphicx 2020/09/09 v1.2b Enhanced LaTeX Graphics (DPC,SPQR)

(/usr/share/texmf-dist/tex/latex/lwarp/lwarp-graphics.sty
Package lwarp Info: Using package `graphics',
(lwarp)             and adding lwarp modifications, including options,
(lwarp)              on input line 20.
Package: lwarp-graphics 2020/08/30

(/usr/share/texmf-dist/tex/latex/graphics/graphics.sty
Package: graphics 2020/08/30 v1.4c Standard LaTeX Graphics (DPC,SPQR)

(/usr/share/texmf-dist/tex/latex/graphics/trig.sty
Package: trig 2016/01/03 v1.10 sin cos tan (DPC)
)
(/usr/share/texmf-dist/tex/latex/graphics-cfg/graphics.cfg
File: graphics.cfg 2016/06/04 v1.11 sample graphics configuration
)
Package graphics Info: Driver file: luatex.def on input line 105.

(/usr/share/texmf-dist/tex/latex/graphics-def/luatex.def
File: luatex.def 2020/10/05 v1.2a Graphics/color driver for luatex
))
\LWR@igwidth=\skip74
\LWR@igheight=\skip75
\LWR@imagesizebox=\box54
)
\Gin@req@height=\dimen162
\Gin@req@width=\dimen163
))
(/usr/share/texmf-dist/tex/latex/listing/listing.sty
Package: listing 1999/05/25

Package `listing', V1.2, <1999/05/25>
\c@listing=\count342
) (/usr/share/texmf-dist/tex/latex/lwarp/lwarp-tikz.sty
Package lwarp Info: Using package `tikz',
(lwarp)             and adding lwarp modifications, including options,
(lwarp)              on input line 19.
Package: lwarp-tikz 2015/08/07

(/usr/share/texmf-dist/tex/latex/pgf/frontendlayer/tikz.sty
(/usr/share/texmf-dist/tex/latex/pgf/basiclayer/pgf.sty
(/usr/share/texmf-dist/tex/latex/pgf/utilities/pgfrcs.sty
(/usr/share/texmf-dist/tex/generic/pgf/utilities/pgfutil-common.tex
\pgfutil@everybye=\toks33
\pgfutil@tempdima=\dimen164
\pgfutil@tempdimb=\dimen165

(/usr/share/texmf-dist/tex/generic/pgf/utilities/pgfutil-common-lists.tex))
(/usr/share/texmf-dist/tex/generic/pgf/utilities/pgfutil-latex.def
\pgfutil@abb=\box55
)
(/usr/share/texmf-dist/tex/generic/pgf/utilities/pgfrcs.code.tex
(/usr/share/texmf-dist/tex/generic/pgf/pgf.revision.tex)
Package: pgfrcs 2020/12/27 v3.1.8b (3.1.8b)
))
Package: pgf 2020/12/27 v3.1.8b (3.1.8b)

(/usr/share/texmf-dist/tex/latex/pgf/basiclayer/pgfcore.sty
(/usr/share/texmf-dist/tex/latex/pgf/systemlayer/pgfsys.sty
(/usr/share/texmf-dist/tex/generic/pgf/systemlayer/pgfsys.code.tex
Package: pgfsys 2020/12/27 v3.1.8b (3.1.8b)

(/usr/share/texmf-dist/tex/generic/pgf/utilities/pgfkeys.code.tex
\pgfkeys@pathtoks=\toks34
\pgfkeys@temptoks=\toks35

(/usr/share/texmf-dist/tex/generic/pgf/utilities/pgfkeysfiltered.code.tex
\pgfkeys@tmptoks=\toks36
))
\pgf@x=\dimen166
\pgf@y=\dimen167
\pgf@xa=\dimen168
\pgf@ya=\dimen169
\pgf@xb=\dimen170
\pgf@yb=\dimen171
\pgf@xc=\dimen172
\pgf@yc=\dimen173
\pgf@xd=\dimen174
\pgf@yd=\dimen175
\w@pgf@writea=\write7
\r@pgf@reada=\read5
\c@pgf@counta=\count343
\c@pgf@countb=\count344
\c@pgf@countc=\count345
\c@pgf@countd=\count346
\t@pgf@toka=\toks37
\t@pgf@tokb=\toks38
\t@pgf@tokc=\toks39
\pgf@sys@id@count=\count347

(/usr/share/texmf-dist/tex/generic/pgf/systemlayer/pgf.cfg
File: pgf.cfg 2020/12/27 v3.1.8b (3.1.8b)
)
Driver file for pgf: pgfsys-luatex.def

(/usr/share/texmf-dist/tex/generic/pgf/systemlayer/pgfsys-luatex.def
File: pgfsys-luatex.def 2020/12/27 v3.1.8b (3.1.8b)

(/usr/share/texmf-dist/tex/generic/pgf/systemlayer/pgfsys-common-pdf.def
File: pgfsys-common-pdf.def 2020/12/27 v3.1.8b (3.1.8b)
)))
(/usr/share/texmf-dist/tex/generic/pgf/systemlayer/pgfsyssoftpath.code.tex
File: pgfsyssoftpath.code.tex 2020/12/27 v3.1.8b (3.1.8b)
\pgfsyssoftpath@smallbuffer@items=\count348
\pgfsyssoftpath@bigbuffer@items=\count349
)
(/usr/share/texmf-dist/tex/generic/pgf/systemlayer/pgfsysprotocol.code.tex
File: pgfsysprotocol.code.tex 2020/12/27 v3.1.8b (3.1.8b)
))
(/usr/share/texmf-dist/tex/latex/lwarp/lwarp-xcolor.sty
Package lwarp Info: Using package `xcolor',
(lwarp)             and adding lwarp modifications, including options,
(lwarp)              on input line 20.
Package: lwarp-xcolor 2016/05/11

(/usr/share/texmf-dist/tex/latex/xcolor/xcolor.sty
Package: xcolor 2016/05/11 v2.12 LaTeX color extensions (UK)

(/usr/share/texmf-dist/tex/latex/graphics-cfg/color.cfg
File: color.cfg 2016/01/02 v1.6 sample color configuration
)
Package xcolor Info: Driver file: luatex.def on input line 225.
Package xcolor Info: Model `cmy' substituted by `cmy0' on input line 1348.
Package xcolor Info: Model `hsb' substituted by `rgb' on input line 1352.
Package xcolor Info: Model `RGB' extended on input line 1364.
Package xcolor Info: Model `HTML' substituted by `rgb' on input line 1366.
Package xcolor Info: Model `Hsb' substituted by `hsb' on input line 1367.
Package xcolor Info: Model `tHsb' substituted by `hsb' on input line 1368.
Package xcolor Info: Model `HSB' substituted by `hsb' on input line 1369.
Package xcolor Info: Model `Gray' substituted by `gray' on input line 1370.
Package xcolor Info: Model `wave' substituted by `hsb' on input line 1371.
))
(/usr/share/texmf-dist/tex/generic/pgf/basiclayer/pgfcore.code.tex
Package: pgfcore 2020/12/27 v3.1.8b (3.1.8b)

(/usr/share/texmf-dist/tex/generic/pgf/math/pgfmath.code.tex
(/usr/share/texmf-dist/tex/generic/pgf/math/pgfmathcalc.code.tex
(/usr/share/texmf-dist/tex/generic/pgf/math/pgfmathutil.code.tex)
(/usr/share/texmf-dist/tex/generic/pgf/math/pgfmathparser.code.tex
\pgfmath@dimen=\dimen176
\pgfmath@count=\count350
\pgfmath@box=\box56
\pgfmath@toks=\toks40
\pgfmath@stack@operand=\toks41
\pgfmath@stack@operation=\toks42
)
(/usr/share/texmf-dist/tex/generic/pgf/math/pgfmathfunctions.code.tex
(/usr/share/texmf-dist/tex/generic/pgf/math/pgfmathfunctions.basic.code.tex)
(/usr/share/texmf-dist/tex/generic/pgf/math/pgfmathfunctions.trigonometric.code
.tex)
(/usr/share/texmf-dist/tex/generic/pgf/math/pgfmathfunctions.random.code.tex)
(/usr/share/texmf-dist/tex/generic/pgf/math/pgfmathfunctions.comparison.code.te
x) (/usr/share/texmf-dist/tex/generic/pgf/math/pgfmathfunctions.base.code.tex)
(/usr/share/texmf-dist/tex/generic/pgf/math/pgfmathfunctions.round.code.tex)
(/usr/share/texmf-dist/tex/generic/pgf/math/pgfmathfunctions.misc.code.tex)
(/usr/share/texmf-dist/tex/generic/pgf/math/pgfmathfunctions.integerarithmetics
.code.tex))) (/usr/share/texmf-dist/tex/generic/pgf/math/pgfmathfloat.code.tex
\c@pgfmathroundto@lastzeros=\count351
)) (/usr/share/texmf-dist/tex/generic/pgf/math/pgfint.code.tex)
(/usr/share/texmf-dist/tex/generic/pgf/basiclayer/pgfcorepoints.code.tex
File: pgfcorepoints.code.tex 2020/12/27 v3.1.8b (3.1.8b)
\pgf@picminx=\dimen177
\pgf@picmaxx=\dimen178
\pgf@picminy=\dimen179
\pgf@picmaxy=\dimen180
\pgf@pathminx=\dimen181
\pgf@pathmaxx=\dimen182
\pgf@pathminy=\dimen183
\pgf@pathmaxy=\dimen184
\pgf@xx=\dimen185
\pgf@xy=\dimen186
\pgf@yx=\dimen187
\pgf@yy=\dimen188
\pgf@zx=\dimen189
\pgf@zy=\dimen190
)
(/usr/share/texmf-dist/tex/generic/pgf/basiclayer/pgfcorepathconstruct.code.tex
File: pgfcorepathconstruct.code.tex 2020/12/27 v3.1.8b (3.1.8b)
\pgf@path@lastx=\dimen191
\pgf@path@lasty=\dimen192
) (/usr/share/texmf-dist/tex/generic/pgf/basiclayer/pgfcorepathusage.code.tex
File: pgfcorepathusage.code.tex 2020/12/27 v3.1.8b (3.1.8b)
\pgf@shorten@end@additional=\dimen193
\pgf@shorten@start@additional=\dimen194
)
(/usr/share/texmf-dist/tex/generic/pgf/basiclayer/pgfcorescopes.code.tex
File: pgfcorescopes.code.tex 2020/12/27 v3.1.8b (3.1.8b)
\pgfpic=\box57
\pgf@hbox=\box58
\pgf@layerbox@main=\box59
\pgf@picture@serial@count=\count352
)
(/usr/share/texmf-dist/tex/generic/pgf/basiclayer/pgfcoregraphicstate.code.tex
File: pgfcoregraphicstate.code.tex 2020/12/27 v3.1.8b (3.1.8b)
\pgflinewidth=\dimen195
)
(/usr/share/texmf-dist/tex/generic/pgf/basiclayer/pgfcoretransformations.code.t
ex
File: pgfcoretransformations.code.tex 2020/12/27 v3.1.8b (3.1.8b)
\pgf@pt@x=\dimen196
\pgf@pt@y=\dimen197
\pgf@pt@temp=\dimen198
) (/usr/share/texmf-dist/tex/generic/pgf/basiclayer/pgfcorequick.code.tex
File: pgfcorequick.code.tex 2020/12/27 v3.1.8b (3.1.8b)
)
(/usr/share/texmf-dist/tex/generic/pgf/basiclayer/pgfcoreobjects.code.tex
File: pgfcoreobjects.code.tex 2020/12/27 v3.1.8b (3.1.8b)
)
(/usr/share/texmf-dist/tex/generic/pgf/basiclayer/pgfcorepathprocessing.code.te
x
File: pgfcorepathprocessing.code.tex 2020/12/27 v3.1.8b (3.1.8b)
) (/usr/share/texmf-dist/tex/generic/pgf/basiclayer/pgfcorearrows.code.tex
File: pgfcorearrows.code.tex 2020/12/27 v3.1.8b (3.1.8b)
\pgfarrowsep=\dimen199
)
(/usr/share/texmf-dist/tex/generic/pgf/basiclayer/pgfcoreshade.code.tex
File: pgfcoreshade.code.tex 2020/12/27 v3.1.8b (3.1.8b)
\pgf@max=\dimen256
\pgf@sys@shading@range@num=\count353
\pgf@shadingcount=\count354
)
(/usr/share/texmf-dist/tex/generic/pgf/basiclayer/pgfcoreimage.code.tex
File: pgfcoreimage.code.tex 2020/12/27 v3.1.8b (3.1.8b)

(/usr/share/texmf-dist/tex/generic/pgf/basiclayer/pgfcoreexternal.code.tex
File: pgfcoreexternal.code.tex 2020/12/27 v3.1.8b (3.1.8b)
\pgfexternal@startupbox=\box60
))
(/usr/share/texmf-dist/tex/generic/pgf/basiclayer/pgfcorelayers.code.tex
File: pgfcorelayers.code.tex 2020/12/27 v3.1.8b (3.1.8b)
)
(/usr/share/texmf-dist/tex/generic/pgf/basiclayer/pgfcoretransparency.code.tex
File: pgfcoretransparency.code.tex 2020/12/27 v3.1.8b (3.1.8b)
) (/usr/share/texmf-dist/tex/generic/pgf/basiclayer/pgfcorepatterns.code.tex
File: pgfcorepatterns.code.tex 2020/12/27 v3.1.8b (3.1.8b)
)
(/usr/share/texmf-dist/tex/generic/pgf/basiclayer/pgfcorerdf.code.tex
File: pgfcorerdf.code.tex 2020/12/27 v3.1.8b (3.1.8b)
)))
(/usr/share/texmf-dist/tex/generic/pgf/modules/pgfmoduleshapes.code.tex
File: pgfmoduleshapes.code.tex 2020/12/27 v3.1.8b (3.1.8b)
\pgfnodeparttextbox=\box61
)
(/usr/share/texmf-dist/tex/generic/pgf/modules/pgfmoduleplot.code.tex
File: pgfmoduleplot.code.tex 2020/12/27 v3.1.8b (3.1.8b)
)
(/usr/share/texmf-dist/tex/latex/pgf/compatibility/pgfcomp-version-0-65.sty
Package: pgfcomp-version-0-65 2020/12/27 v3.1.8b (3.1.8b)
\pgf@nodesepstart=\dimen257
\pgf@nodesepend=\dimen258
)
(/usr/share/texmf-dist/tex/latex/pgf/compatibility/pgfcomp-version-1-18.sty
Package: pgfcomp-version-1-18 2020/12/27 v3.1.8b (3.1.8b)
))
(/usr/share/texmf-dist/tex/latex/pgf/utilities/pgffor.sty
(/usr/share/texmf-dist/tex/latex/pgf/utilities/pgfkeys.sty
(/usr/share/texmf-dist/tex/generic/pgf/utilities/pgfkeys.code.tex))
(/usr/share/texmf-dist/tex/latex/pgf/math/pgfmath.sty
(/usr/share/texmf-dist/tex/generic/pgf/math/pgfmath.code.tex))
(/usr/share/texmf-dist/tex/generic/pgf/utilities/pgffor.code.tex
Package: pgffor 2020/12/27 v3.1.8b (3.1.8b)

(/usr/share/texmf-dist/tex/generic/pgf/math/pgfmath.code.tex)
\pgffor@iter=\dimen259
\pgffor@skip=\dimen260
\pgffor@stack=\toks43
\pgffor@toks=\toks44
))
(/usr/share/texmf-dist/tex/generic/pgf/frontendlayer/tikz/tikz.code.tex
Package: tikz 2020/12/27 v3.1.8b (3.1.8b)

(/usr/share/texmf-dist/tex/generic/pgf/libraries/pgflibraryplothandlers.code.te
x
File: pgflibraryplothandlers.code.tex 2020/12/27 v3.1.8b (3.1.8b)
\pgf@plot@mark@count=\count355
\pgfplotmarksize=\dimen261
)
\tikz@lastx=\dimen262
\tikz@lasty=\dimen263
\tikz@lastxsaved=\dimen264
\tikz@lastysaved=\dimen265
\tikz@lastmovetox=\dimen266
\tikz@lastmovetoy=\dimen267
\tikzleveldistance=\dimen268
\tikzsiblingdistance=\dimen269
\tikz@figbox=\box62
\tikz@figbox@bg=\box63
\tikz@tempbox=\box64
\tikz@tempbox@bg=\box65
\tikztreelevel=\count356
\tikznumberofchildren=\count357
\tikznumberofcurrentchild=\count358
\tikz@fig@count=\count359
 (/usr/share/texmf-dist/tex/generic/pgf/modules/pgfmodulematrix.code.tex
File: pgfmodulematrix.code.tex 2020/12/27 v3.1.8b (3.1.8b)
\pgfmatrixcurrentrow=\count360
\pgfmatrixcurrentcolumn=\count361
\pgf@matrix@numberofcolumns=\count362
)
\tikz@expandcount=\count363

(/usr/share/texmf-dist/tex/generic/pgf/frontendlayer/tikz/libraries/tikzlibrary
topaths.code.tex
File: tikzlibrarytopaths.code.tex 2020/12/27 v3.1.8b (3.1.8b)
)))
(/usr/share/texmf-dist/tex/generic/pgf/frontendlayer/tikz/libraries/tikzlibrary
babel.code.tex
File: tikzlibrarybabel.code.tex 2020/12/27 v3.1.8b (3.1.8b)
)) (/usr/share/texmf-dist/tex/latex/fancyvrb/fancyvrb-ex.sty
Package: fancyvrb-ex 2018/11/01

Style option: `fancyvrb-ex' v0.01 <2018/11/01> (tvz)
(/usr/share/texmf-dist/tex/latex/lwarp/lwarp-fancyvrb.sty
Package lwarp Info: Using package `fancyvrb',
(lwarp)             and adding lwarp modifications, including options,
(lwarp)              on input line 20.
Package: lwarp-fancyvrb 2008/02/07

(/usr/share/texmf-dist/tex/latex/fancyvrb/fancyvrb.sty
Package: fancyvrb 2021/01/20 v3.7 verbatim text (tvz,hv)
\FV@CodeLineNo=\count364
\FV@InFile=\read6
\FV@TabBox=\box66
\c@FancyVerbLine=\count365
\FV@StepNumber=\count366
\FV@OutFile=\write8
))
(/usr/share/texmf-dist/tex/latex/fancyvrb/hbaw.sty
Package: hbaw 1998/03/19

`hbaw' v1.4, 1998/03/19 (Denis Girou)))
(/usr/share/texmf-dist/tex/latex/lwarp/lwarp-geometry.sty
Package lwarp Info: Replacing package `geometry' with the lwarp version,
(lwarp)             and discarding options, on input line 20.
Package: lwarp-geometry 2018/04/16
)
(/usr/share/texmf-dist/tex/latex/xindex/xindex.sty
Package: xindex 2018/11/11 v. 0.02 write into an idx file (hv)

(/usr/share/texmf-dist/tex/latex/xkeyval/xkeyval.sty
Package: xkeyval 2020/11/20 v2.8 package option processing (HA)

(/usr/share/texmf-dist/tex/generic/xkeyval/xkeyval.tex
(/usr/share/texmf-dist/tex/generic/xkeyval/xkvutils.tex
\XKV@toks=\toks45
\XKV@tempa@toks=\toks46
)
\XKV@depth=\count367
File: xkeyval.tex 2014/12/03 v2.7a key=value parser (HA)
))
xindex: Using package makeidx
(/usr/share/texmf-dist/tex/latex/lwarp/lwarp-makeidx.sty
Package lwarp Info: Using package `makeidx',
(lwarp)             and adding lwarp modifications, including options,
(lwarp)              on input line 18.
Package: lwarp-makeidx 2014/09/29

(/usr/share/texmf-dist/tex/latex/base/makeidx.sty
Package: makeidx 2014/09/29 v1.0m Standard LaTeX package
)))
\@indexfile=\write9

\openout9 = mainpage_html.idx

Writing index file mainpage_html.idx
(/usr/share/texmf-dist/tex/latex/lwarp/lwarp-hyperref.sty
Package lwarp Info: Using the lwarp HTML version of package `hyperref',
(lwarp)             and discarding options except backref, pagebackref.
(lwarp)             (Not using \ProvidesPackage, so that other packages
(lwarp)             do not attempt to patch lwarp's version of `hyperref'.)
(lwarp)              on input line 25.
)
(/usr/share/texmf-dist/tex/latex/lwarp/lwarp-cleveref.sty
Package lwarp Info: Using package `cleveref',
(lwarp)             and adding lwarp modifications, including options,
(lwarp)              on input line 18.
Package: lwarp-cleveref 2018/03/27

(/usr/share/texmf-dist/tex/latex/cleveref/cleveref.sty
Package: cleveref 2018/03/27 v0.21.4 Intelligent cross-referencing
))
\LWR@userspaperwidth=\skip76
\LWR@userspaperheight=\skip77
\LWR@usersmarginparwidth=\skip78
\LWR@userstextwidth=\skip79
\LWR@userstextheight=\skip80
 (./mainpage_html.aux
(./tikz_fejezet_html_inc.aux) (./hogyan_mukodik_html_inc.aux))
\openout1 = mainpage_html.aux

LaTeX Font Info:    Checking defaults for OML/cmm/m/it on input line 70.
LaTeX Font Info:    ... okay on input line 70.
LaTeX Font Info:    Checking defaults for OMS/cmsy/m/n on input line 70.
LaTeX Font Info:    ... okay on input line 70.
LaTeX Font Info:    Checking defaults for OT1/cmr/m/n on input line 70.
LaTeX Font Info:    ... okay on input line 70.
LaTeX Font Info:    Checking defaults for T1/cmr/m/n on input line 70.
LaTeX Font Info:    ... okay on input line 70.
LaTeX Font Info:    Checking defaults for TS1/cmr/m/n on input line 70.
LaTeX Font Info:    Trying to load font information for TS1+cmr on input line 7
0.

(/usr/share/texmf-dist/tex/latex/base/ts1cmr.fd
File: ts1cmr.fd 2019/12/16 v2.5j Standard LaTeX font definitions
)
LaTeX Font Info:    ... okay on input line 70.
LaTeX Font Info:    Checking defaults for TU/lmr/m/n on input line 70.
LaTeX Font Info:    ... okay on input line 70.
LaTeX Font Info:    Checking defaults for OMX/cmex/m/n on input line 70.
LaTeX Font Info:    ... okay on input line 70.
LaTeX Font Info:    Checking defaults for U/cmr/m/n on input line 70.
LaTeX Font Info:    ... okay on input line 70.

Package fontspec Info: Adjusting the maths setup (use [no-math] to avoid
(fontspec)             this).

\symlegacymaths=\mathgroup6
LaTeX Font Info:    Overwriting symbol font `legacymaths' in version `bold'
(Font)                  OT1/cmr/m/n --> OT1/cmr/bx/n on input line 70.
LaTeX Font Info:    Redeclaring math accent \acute on input line 70.
LaTeX Font Info:    Redeclaring math accent \grave on input line 70.
LaTeX Font Info:    Redeclaring math accent \ddot on input line 70.
LaTeX Font Info:    Redeclaring math accent \tilde on input line 70.
LaTeX Font Info:    Redeclaring math accent \bar on input line 70.
LaTeX Font Info:    Redeclaring math accent \breve on input line 70.
LaTeX Font Info:    Redeclaring math accent \check on input line 70.
LaTeX Font Info:    Redeclaring math accent \hat on input line 70.
LaTeX Font Info:    Redeclaring math accent \dot on input line 70.
LaTeX Font Info:    Redeclaring math accent \mathring on input line 70.
LaTeX Font Info:    Redeclaring math symbol \Gamma on input line 70.
LaTeX Font Info:    Redeclaring math symbol \Delta on input line 70.
LaTeX Font Info:    Redeclaring math symbol \Theta on input line 70.
LaTeX Font Info:    Redeclaring math symbol \Lambda on input line 70.
LaTeX Font Info:    Redeclaring math symbol \Xi on input line 70.
LaTeX Font Info:    Redeclaring math symbol \Pi on input line 70.
LaTeX Font Info:    Redeclaring math symbol \Sigma on input line 70.
LaTeX Font Info:    Redeclaring math symbol \Upsilon on input line 70.
LaTeX Font Info:    Redeclaring math symbol \Phi on input line 70.
LaTeX Font Info:    Redeclaring math symbol \Psi on input line 70.
LaTeX Font Info:    Redeclaring math symbol \Omega on input line 70.
LaTeX Font Info:    Redeclaring math symbol \mathdollar on input line 70.
LaTeX Font Info:    Redeclaring symbol font `operators' on input line 70.
LaTeX Font Info:    Encoding `OT1' has changed to `TU' for symbol font
(Font)              `operators' in the math version `normal' on input line 70.
LaTeX Font Info:    Overwriting symbol font `operators' in version `normal'
(Font)                  OT1/cmr/m/n --> TU/lmr/m/n on input line 70.
LaTeX Font Info:    Encoding `OT1' has changed to `TU' for symbol font
(Font)              `operators' in the math version `bold' on input line 70.
LaTeX Font Info:    Overwriting symbol font `operators' in version `bold'
(Font)                  OT1/cmr/bx/n --> TU/lmr/m/n on input line 70.
LaTeX Font Info:    Overwriting symbol font `operators' in version `normal'
(Font)                  TU/lmr/m/n --> TU/lmr/m/n on input line 70.
LaTeX Font Info:    Overwriting math alphabet `\mathit' in version `normal'
(Font)                  OT1/cmr/m/it --> TU/lmr/m/it on input line 70.
LaTeX Font Info:    Overwriting math alphabet `\mathbf' in version `normal'
(Font)                  OT1/cmr/bx/n --> TU/lmr/b/n on input line 70.
LaTeX Font Info:    Overwriting math alphabet `\mathsf' in version `normal'
(Font)                  OT1/cmss/m/n --> TU/lmss/m/n on input line 70.
LaTeX Font Info:    Overwriting math alphabet `\mathtt' in version `normal'
(Font)                  OT1/cmtt/m/n --> TU/lmtt/m/n on input line 70.
LaTeX Font Info:    Overwriting symbol font `operators' in version `bold'
(Font)                  TU/lmr/m/n --> TU/lmr/b/n on input line 70.
LaTeX Font Info:    Overwriting math alphabet `\mathit' in version `bold'
(Font)                  OT1/cmr/bx/it --> TU/lmr/b/it on input line 70.
LaTeX Font Info:    Overwriting math alphabet `\mathsf' in version `bold'
(Font)                  OT1/cmss/bx/n --> TU/lmss/b/n on input line 70.
LaTeX Font Info:    Overwriting math alphabet `\mathtt' in version `bold'
(Font)                  OT1/cmtt/m/n --> TU/lmtt/b/n on input line 70.
\LWR@colorminipagebox=\box67


Package lwarp Warning: Babel has been loaded. Lwarp also uses cleveref.
(lwarp)                See the cleveref documentation regarding
(lwarp)                babel support. Some languages are not supported.

*geometry* driver: auto-detecting
*geometry* detected driver: luatex
*geometry* verbose mode - [ preamble ] result:
* driver: luatex
* paper: custom
* layout: <same size as paper>
* layoutoffset:(h,v)=(0.0pt,0.0pt)
* modes: heightrounded 
* h-part:(L,W,R)=(144.54pt, 867.24pt, 433.62pt)
* v-part:(T,H,B)=(72.26999pt, 13586.76001pt, 72.26999pt)
* \paperwidth=1445.4pt
* \paperheight=13731.29999pt
* \textwidth=1011.77557pt
* \textheight=10985.0819pt
* \oddsidemargin=72.27pt
* \evensidemargin=361.35pt
* \topmargin=-30.06749pt
* \headheight=12.0pt
* \headsep=18.06749pt
* \topskip=10.0pt
* \footskip=25.29494pt
* \marginparwidth=115.0pt
* \marginparsep=7.0pt
* \columnsep=10.0pt
* \skip\footins=9.0pt plus 4.0pt minus 2.0pt
* \hoffset=0.0pt
* \voffset=0.0pt
* \mag=1000
* \@twocolumnfalse
* \@twosidefalse
* \@mparswitchfalse
* \@reversemarginfalse
* (1in=72.27pt=25.4mm, 1cm=28.453pt)

(/usr/share/texmf-dist/tex/context/base/mkii/supp-pdf.mkii
[Loading MPS to PDF converter (version 2006.09.02).]
\scratchcounter=\count368
\scratchdimen=\dimen270
\scratchbox=\box68
\nofMPsegments=\count369
\nofMParguments=\count370
\everyMPshowfont=\toks47
\MPscratchCnt=\count371
\MPscratchDim=\dimen271
\MPnumerator=\count372
\makeMPintoPDFobject=\count373
\everyMPtoPDFconversion=\toks48
) (/usr/share/texmf-dist/tex/latex/lwarp/lwarp-epstopdf-base.sty
Package lwarp Info: Using package `epstopdf-base',
(lwarp)             and adding lwarp modifications, including options,
(lwarp)              on input line 18.
Package: lwarp-epstopdf-base 2020-01-24

(/usr/share/texmf-dist/tex/latex/epstopdf-pkg/epstopdf-base.sty
Package: epstopdf-base 2020-01-24 v2.11 Base part for package epstopdf
Package epstopdf-base Info: Redefining graphics rule for `.eps' on input line 4
85.

(/usr/share/texmf-dist/tex/latex/latexconfig/epstopdf-sys.cfg
File: epstopdf-sys.cfg 2010/07/13 v1.3 Configuration of (r)epstopdf for TeX Liv
e
)))
(/usr/share/texmf-dist/tex/latex/base/book.cls
LaTeX Info: Redefining \cal on input line 583.
LaTeX Info: Redefining \mit on input line 584.
)
Package lwarp Info: Removing background hook on input line 70.

\openout5 = mainpage-images.txt
 [1

{/usr/share/texmf-var/fonts/map/pdftex/updmap/pdftex.map}]
\openout6 = mainpage_html.sidetoc
 [2] (./mainpage_html
.toc
Overfull \hbox (3.69598pt too wide) detected at line 2
\TU/lmr/m/n/8 1.1. 
 []


Overfull \hbox (3.69598pt too wide) detected at line 10
\TU/lmr/m/n/8 1.2. 
 []


Overfull \hbox (3.69598pt too wide) detected at line 13
\TU/lmr/m/n/8 1.3. 
 []

)
\tf@toc=\write10

\openout10 = mainpage_html.toc
 [3] (./mainpage_html.lof)
\tf@lof=\write11

\openout11 = mainpage_html.lof

\openout4 = tikz_fejezet_html_inc.tex
 [4]
\openout2 = tikz_fejezet_html_inc.aux
 (./tikz_fejezet_html_inc.tex
(./tikz_fejezet.tex [5] [6] (./mainpage_html.sidetoc
Overfull \hbox (3.69598pt too wide) detected at line 2
\TU/lmr/m/n/8 1.1. 
 []


Overfull \hbox (3.69598pt too wide) detected at line 10
\TU/lmr/m/n/8 1.2. 
 []


Overfull \hbox (3.69598pt too wide) detected at line 13
\TU/lmr/m/n/8 1.3. 
 []

) [7] [8]
\openout8 = mainpage_html.tmp
 [9] (./mainpage_html.tmp [10]
Overfull \hbox (424.5448pt too wide) in paragraph at lines 18--18
[][] 
 []

LaTeX Font Info:    Trying to load font information for U+msa on input line 18.

(/usr/share/texmf-dist/tex/latex/amsfonts/umsa.fd
File: umsa.fd 2013/01/14 v3.01 AMS symbols A
)
LaTeX Font Info:    Trying to load font information for U+msb on input line 18.


(/usr/share/texmf-dist/tex/latex/amsfonts/umsb.fd
File: umsb.fd 2013/01/14 v3.01 AMS symbols B
) [11]) [12] [13] [14]
[15] [16] [17] [18] [19] [20]
Overfull \hbox (27.51392pt too wide) in paragraph at lines 97--97
[][] 
 []

[21] [22] [23] [24] [25] [26] [27] [28] [29] [30] [31] [32] [33])) [34]
\openout4 = hogyan_mukodik_html_inc.tex

\openout2 = hogyan_mukodik_html_inc.aux

(./hogyan_mukodik_html_inc.tex (./hogyan_mukodik.tex [35] [36]
(./mainpage_html.sidetoc
Overfull \hbox (3.69598pt too wide) detected at line 2
\TU/lmr/m/n/8 1.1. 
 []


Overfull \hbox (3.69598pt too wide) detected at line 10
\TU/lmr/m/n/8 1.2. 
 []


Overfull \hbox (3.69598pt too wide) detected at line 13
\TU/lmr/m/n/8 1.3. 
 []

))) [37]
No file mainpage_html.ind.
[38] (./mainpage_html.aux (./tikz_fejezet_html_inc.aux)
(./hogyan_mukodik_html_inc.aux))))

Here is how much of LuaTeX's memory you used:
 28155 strings out of 478531
 100000,1373583 words of node,token memory allocated
 552 words of node memory still in use:
   6 hlist, 1 vlist, 2 rule, 1 dir, 2 glue, 4 kern, 1 glyph, 7 attribute, 67 glu
e_spec, 5 attribute_list nodes
   avail lists: 2:757,3:337,4:50,5:141,6:50,7:4294,8:1,9:268,10:39,11:296
 45489 multiletter control sequences out of 65536+600000
 49 fonts using 4737239 bytes
 121i,5n,125p,663b,1124s stack positions out of 5000i,500n,10000p,200000b,80000s
</usr/share/texmf-dist/fonts/opentype/public/lm/lmroman8-bold.otf></usr/share/te
xmf-dist/fonts/opentype/public/lm/lmroman8-regular.otf></usr/share/texmf-dist/fo
nts/opentype/public/lm/lmmono8-regular.otf>
Output written on mainpage_html.pdf (38 pages, 52288 bytes).

PDF statistics: 151 PDF objects out of 1000 (max. 8388607)
 99 compressed objects within 1 object stream
 0 named destinations out of 1000 (max. 131072)
 36 words of extra memory for PDF output out of 10000 (max. 100000000)

